<?xml version="1.0" encoding="UTF-8"?>
<testng-results ignored="31" total="32" passed="1" failed="0" skipped="0">
  <reporter-output>
  </reporter-output>
  <suite started-at="2021-04-27T09:26:16Z" name="Default suite" finished-at="2021-04-27T09:26:28Z" duration-ms="11223">
    <groups>
    </groups>
    <test started-at="2021-04-27T09:26:16Z" name="Default test" finished-at="2021-04-27T09:26:28Z" duration-ms="11223">
      <class name="com.urban.us.testcases.SignUpPgTest">
        <test-method is-config="true" signature="setup()[pri:0, instance:com.urban.us.testcases.SignUpPgTest@2892d68]" started-at="2021-04-27T14:56:16Z" name="setup" finished-at="2021-04-27T14:56:24Z" duration-ms="7440" status="PASS">
          <reporter-output>
          </reporter-output>
        </test-method> <!-- setup -->
        <test-method signature="submitAllDetailsTest()[pri:31, instance:com.urban.us.testcases.SignUpPgTest@2892d68]" started-at="2021-04-27T14:56:24Z" name="submitAllDetailsTest" finished-at="2021-04-27T14:56:28Z" duration-ms="3758" status="PASS">
          <reporter-output>
          </reporter-output>
        </test-method> <!-- submitAllDetailsTest -->
      </class> <!-- com.urban.us.testcases.SignUpPgTest -->
    </test> <!-- Default test -->
  </suite> <!-- Default suite -->
</testng-results>
