<?xml version="1.0" encoding="UTF-8"?>
<testng-results ignored="31" total="32" passed="1" failed="0" skipped="0">
  <reporter-output>
  </reporter-output>
  <suite started-at="2021-04-27T17:13:11Z" name="Default suite" finished-at="2021-04-27T17:13:23Z" duration-ms="12318">
    <groups>
    </groups>
    <test started-at="2021-04-27T17:13:11Z" name="Default test" finished-at="2021-04-27T17:13:23Z" duration-ms="12318">
      <class name="com.urban.us.testcases.SignUpPgTest">
        <test-method is-config="true" signature="setup()[pri:0, instance:com.urban.us.testcases.SignUpPgTest@298a5e20]" started-at="2021-04-27T22:43:11Z" name="setup" finished-at="2021-04-27T22:43:16Z" duration-ms="5363" status="PASS">
          <reporter-output>
          </reporter-output>
        </test-method> <!-- setup -->
        <test-method signature="submitAllDetailsTest()[pri:31, instance:com.urban.us.testcases.SignUpPgTest@298a5e20]" started-at="2021-04-27T22:43:16Z" name="submitAllDetailsTest" finished-at="2021-04-27T22:43:23Z" duration-ms="6925" status="PASS">
          <reporter-output>
          </reporter-output>
        </test-method> <!-- submitAllDetailsTest -->
      </class> <!-- com.urban.us.testcases.SignUpPgTest -->
    </test> <!-- Default test -->
  </suite> <!-- Default suite -->
</testng-results>
