<?xml version="1.0" encoding="UTF-8"?>
<!-- Generated by org.testng.reporters.JUnitXMLReporter -->
<testsuite ignored="31" hostname="DESKTOP-CMOP74H" failures="0" tests="1" name="Default test" time="11.223" errors="0" timestamp="27 Apr 2021 09:26:28 GMT">
  <testcase classname="com.urban.us.testcases.SignUpPgTest" name="submitAllDetailsTest" time="3.758"/>
  <testcase classname="com.urban.us.testcases.SignUpPgTest" name="validateSubSectorTest" time="0.0">
    <ignored/>
  </testcase> <!-- validateSubSectorTest -->
  <testcase classname="com.urban.us.testcases.SignUpPgTest" name="validateWhiteSpacePasswordTest" time="0.0">
    <ignored/>
  </testcase> <!-- validateWhiteSpacePasswordTest -->
  <testcase classname="com.urban.us.testcases.SignUpPgTest" name="validateCityNameTest" time="0.0">
    <ignored/>
  </testcase> <!-- validateCityNameTest -->
  <testcase classname="com.urban.us.testcases.SignUpPgTest" name="validateCeoPhoneTest" time="0.0">
    <ignored/>
  </testcase> <!-- validateCeoPhoneTest -->
  <testcase classname="com.urban.us.testcases.SignUpPgTest" name="validateWhiteSpacePasswordConfirmTest" time="0.0">
    <ignored/>
  </testcase> <!-- validateWhiteSpacePasswordConfirmTest -->
  <testcase classname="com.urban.us.testcases.SignUpPgTest" name="validateEmailTest" time="0.0">
    <ignored/>
  </testcase> <!-- validateEmailTest -->
  <testcase classname="com.urban.us.testcases.SignUpPgTest" name="validatePitchDeckTest" time="0.0">
    <ignored/>
  </testcase> <!-- validatePitchDeckTest -->
  <testcase classname="com.urban.us.testcases.SignUpPgTest" name="validateCompanyDomainTest" time="0.0">
    <ignored/>
  </testcase> <!-- validateCompanyDomainTest -->
  <testcase classname="com.urban.us.testcases.SignUpPgTest" name="validateWhiteSpaceEmailTest" time="0.0">
    <ignored/>
  </testcase> <!-- validateWhiteSpaceEmailTest -->
  <testcase classname="com.urban.us.testcases.SignUpPgTest" name="validatePasswordTest" time="0.0">
    <ignored/>
  </testcase> <!-- validatePasswordTest -->
  <testcase classname="com.urban.us.testcases.SignUpPgTest" name="validateOverviewTest" time="0.0">
    <ignored/>
  </testcase> <!-- validateOverviewTest -->
  <testcase classname="com.urban.us.testcases.SignUpPgTest" name="validateLastNameTest" time="0.0">
    <ignored/>
  </testcase> <!-- validateLastNameTest -->
  <testcase classname="com.urban.us.testcases.SignUpPgTest" name="validateExampleCustomerTest" time="0.0">
    <ignored/>
  </testcase> <!-- validateExampleCustomerTest -->
  <testcase classname="com.urban.us.testcases.SignUpPgTest" name="validateWhiteSpacePhoneTest" time="0.0">
    <ignored/>
  </testcase> <!-- validateWhiteSpacePhoneTest -->
  <testcase classname="com.urban.us.testcases.SignUpPgTest" name="validateWhiteSpaceLastNameTest" time="0.0">
    <ignored/>
  </testcase> <!-- validateWhiteSpaceLastNameTest -->
  <testcase classname="com.urban.us.testcases.SignUpPgTest" name="validateConfirmPasswordTest" time="0.0">
    <ignored/>
  </testcase> <!-- validateConfirmPasswordTest -->
  <testcase classname="com.urban.us.testcases.SignUpPgTest" name="validateStateNameTest" time="0.0">
    <ignored/>
  </testcase> <!-- validateStateNameTest -->
  <testcase classname="com.urban.us.testcases.SignUpPgTest" name="validateFirstNameTest" time="0.0">
    <ignored/>
  </testcase> <!-- validateFirstNameTest -->
  <testcase classname="com.urban.us.testcases.SignUpPgTest" name="validatePhoneTest" time="0.0">
    <ignored/>
  </testcase> <!-- validatePhoneTest -->
  <testcase classname="com.urban.us.testcases.SignUpPgTest" name="validateFundingStageTest" time="0.0">
    <ignored/>
  </testcase> <!-- validateFundingStageTest -->
  <testcase classname="com.urban.us.testcases.SignUpPgTest" name="validateSectorTest" time="0.0">
    <ignored/>
  </testcase> <!-- validateSectorTest -->
  <testcase classname="com.urban.us.testcases.SignUpPgTest" name="validatePassedCaseTest" time="0.0">
    <ignored/>
  </testcase> <!-- validatePassedCaseTest -->
  <testcase classname="com.urban.us.testcases.SignUpPgTest" name="validateWhiteSpaceFirstNameTest" time="0.0">
    <ignored/>
  </testcase> <!-- validateWhiteSpaceFirstNameTest -->
  <testcase classname="com.urban.us.testcases.SignUpPgTest" name="validateCompanyLogoTest" time="0.0">
    <ignored/>
  </testcase> <!-- validateCompanyLogoTest -->
  <testcase classname="com.urban.us.testcases.SignUpPgTest" name="validateTeamSizeTest" time="0.0">
    <ignored/>
  </testcase> <!-- validateTeamSizeTest -->
  <testcase classname="com.urban.us.testcases.SignUpPgTest" name="validateCeoEmailTest" time="0.0">
    <ignored/>
  </testcase> <!-- validateCeoEmailTest -->
  <testcase classname="com.urban.us.testcases.SignUpPgTest" name="validateCompanyNameTest" time="0.0">
    <ignored/>
  </testcase> <!-- validateCompanyNameTest -->
  <testcase classname="com.urban.us.testcases.SignUpPgTest" name="validateCeoNameTest" time="0.0">
    <ignored/>
  </testcase> <!-- validateCeoNameTest -->
  <testcase classname="com.urban.us.testcases.SignUpPgTest" name="validatePassTestCasesTest" time="0.0">
    <ignored/>
  </testcase> <!-- validatePassTestCasesTest -->
  <testcase classname="com.urban.us.testcases.SignUpPgTest" name="validateCountryNameTest" time="0.0">
    <ignored/>
  </testcase> <!-- validateCountryNameTest -->
  <testcase classname="com.urban.us.testcases.SignUpPgTest" name="validateBusinessModelTest" time="0.0">
    <ignored/>
  </testcase> <!-- validateBusinessModelTest -->
</testsuite> <!-- Default test -->
